<?xml version="1.0" encoding="UTF-8"?>
<testsuite name="com.adconnect.webapp.WebappApplicationTests" tests="1" skipped="0" failures="0" errors="0" timestamp="2024-09-04T13:09:51" hostname="4930e569ea9d" time="2.825">
  <properties/>
  <testcase name="contextLoads()" classname="com.adconnect.webapp.WebappApplicationTests" time="2.825"/>
  <system-out><![CDATA[13:09:23.539 [Test worker] INFO org.springframework.test.context.support.AnnotationConfigContextLoaderUtils -- Could not detect default configuration classes for test class [com.adconnect.webapp.WebappApplicationTests]: WebappApplicationTests does not declare any static, non-private, non-final, nested classes annotated with @Configuration.
13:09:24.251 [Test worker] INFO org.springframework.boot.test.context.SpringBootTestContextBootstrapper -- Found @SpringBootConfiguration com.adconnect.webapp.WebappApplication for test class com.adconnect.webapp.WebappApplicationTests

  .   ____          _            __ _ _
 /\\ / ___'_ __ _ _(_)_ __  __ _ \ \ \ \
( ( )\___ | '_ | '_| | '_ \/ _` | \ \ \ \
 \\/  ___)| |_)| | | | | || (_| |  ) ) ) )
  '  |____| .__|_| |_|_| |_\__, | / / / /
 =========|_|==============|___/=/_/_/_/

 :: Spring Boot ::                (v3.3.1)

2024-09-04T13:09:27.545Z  INFO 458 --- [    Test worker] c.a.webapp.WebappApplicationTests        : Starting WebappApplicationTests using Java 21 with PID 458 (started by root in /srv)
2024-09-04T13:09:27.549Z  INFO 458 --- [    Test worker] c.a.webapp.WebappApplicationTests        : No active profile set, falling back to 1 default profile: "default"
2024-09-04T13:09:32.954Z  INFO 458 --- [    Test worker] .s.d.r.c.RepositoryConfigurationDelegate : Bootstrapping Spring Data JPA repositories in DEFAULT mode.
2024-09-04T13:09:33.083Z  INFO 458 --- [    Test worker] .s.d.r.c.RepositoryConfigurationDelegate : Finished Spring Data repository scanning in 81 ms. Found 0 JPA repository interfaces.
2024-09-04T13:09:36.418Z  INFO 458 --- [    Test worker] o.hibernate.jpa.internal.util.LogHelper  : HHH000204: Processing PersistenceUnitInfo [name: default]
2024-09-04T13:09:37.188Z  INFO 458 --- [    Test worker] org.hibernate.Version                    : HHH000412: Hibernate ORM core version 6.5.2.Final
2024-09-04T13:09:37.694Z  INFO 458 --- [    Test worker] o.h.c.internal.RegionFactoryInitiator    : HHH000026: Second-level cache disabled
2024-09-04T13:09:41.020Z  INFO 458 --- [    Test worker] o.s.o.j.p.SpringPersistenceUnitInfo      : No LoadTimeWeaver setup: ignoring JPA class transformer
2024-09-04T13:09:41.282Z  INFO 458 --- [    Test worker] com.zaxxer.hikari.HikariDataSource       : HikariPool-1 - Starting...
2024-09-04T13:09:42.348Z  INFO 458 --- [    Test worker] com.zaxxer.hikari.pool.HikariPool        : HikariPool-1 - Added connection org.postgresql.jdbc.PgConnection@a84338a
2024-09-04T13:09:42.368Z  INFO 458 --- [    Test worker] com.zaxxer.hikari.HikariDataSource       : HikariPool-1 - Start completed.
2024-09-04T13:09:42.661Z  WARN 458 --- [    Test worker] org.hibernate.orm.deprecation            : HHH90000025: PostgreSQLDialect does not need to be specified explicitly using 'hibernate.dialect' (remove the property setting and it will be selected by default)
2024-09-04T13:09:45.822Z  INFO 458 --- [    Test worker] o.h.e.t.j.p.i.JtaPlatformInitiator       : HHH000489: No JTA platform available (set 'hibernate.transaction.jta.platform' to enable JTA platform integration)
2024-09-04T13:09:45.870Z  INFO 458 --- [    Test worker] j.LocalContainerEntityManagerFactoryBean : Initialized JPA EntityManagerFactory for persistence unit 'default'
2024-09-04T13:09:47.886Z  WARN 458 --- [    Test worker] JpaBaseConfiguration$JpaWebConfiguration : spring.jpa.open-in-view is enabled by default. Therefore, database queries may be performed during view rendering. Explicitly configure spring.jpa.open-in-view to disable this warning
2024-09-04T13:09:50.606Z  WARN 458 --- [    Test worker] .s.s.UserDetailsServiceAutoConfiguration : 

Using generated security password: f3400d3e-b50b-41ee-9f8a-0097c330d778

This generated password is for development use only. Your security configuration must be updated before running your application in production.

2024-09-04T13:09:50.758Z  INFO 458 --- [    Test worker] r$InitializeUserDetailsManagerConfigurer : Global AuthenticationManager configured with UserDetailsService bean with name inMemoryUserDetailsManager
2024-09-04T13:09:51.709Z  INFO 458 --- [    Test worker] c.a.webapp.WebappApplicationTests        : Started WebappApplicationTests in 26.056 seconds (process running for 31.223)
]]></system-out>
  <system-err><![CDATA[WARNING: A Java agent has been loaded dynamically (/root/.gradle/caches/modules-2/files-2.1/net.bytebuddy/byte-buddy-agent/1.14.17/e3c251a39dc90badaf71c83427ba46840f219d8d/byte-buddy-agent-1.14.17.jar)
WARNING: If a serviceability tool is in use, please run with -XX:+EnableDynamicAgentLoading to hide this warning
WARNING: If a serviceability tool is not in use, please run with -Djdk.instrument.traceUsage for more information
WARNING: Dynamic loading of agents will be disallowed by default in a future release
]]></system-err>
</testsuite>
