<?xml version="1.0" encoding="UTF-8"?>
<testsuite name="com.adconnect.webapp.WebappApplicationTests" tests="1" skipped="0" failures="0" errors="0" timestamp="2024-08-24T07:11:11" hostname="68f59787e234" time="5.991">
  <properties/>
  <testcase name="contextLoads()" classname="com.adconnect.webapp.WebappApplicationTests" time="5.991"/>
  <system-out><![CDATA[07:10:07.630 [Test worker] INFO org.springframework.test.context.support.AnnotationConfigContextLoaderUtils -- Could not detect default configuration classes for test class [com.adconnect.webapp.WebappApplicationTests]: WebappApplicationTests does not declare any static, non-private, non-final, nested classes annotated with @Configuration.
07:10:09.553 [Test worker] INFO org.springframework.boot.test.context.SpringBootTestContextBootstrapper -- Found @SpringBootConfiguration com.adconnect.webapp.WebappApplication for test class com.adconnect.webapp.WebappApplicationTests

  .   ____          _            __ _ _
 /\\ / ___'_ __ _ _(_)_ __  __ _ \ \ \ \
( ( )\___ | '_ | '_| | '_ \/ _` | \ \ \ \
 \\/  ___)| |_)| | | | | || (_| |  ) ) ) )
  '  |____| .__|_| |_|_| |_\__, | / / / /
 =========|_|==============|___/=/_/_/_/

 :: Spring Boot ::                (v3.3.1)

2024-08-24T07:10:16.760Z  INFO 850 --- [    Test worker] c.a.webapp.WebappApplicationTests        : Starting WebappApplicationTests using Java 21 with PID 850 (started by root in /srv)
2024-08-24T07:10:16.764Z  INFO 850 --- [    Test worker] c.a.webapp.WebappApplicationTests        : No active profile set, falling back to 1 default profile: "default"
2024-08-24T07:10:26.054Z  INFO 850 --- [    Test worker] .s.d.r.c.RepositoryConfigurationDelegate : Bootstrapping Spring Data JPA repositories in DEFAULT mode.
2024-08-24T07:10:26.451Z  INFO 850 --- [    Test worker] .s.d.r.c.RepositoryConfigurationDelegate : Finished Spring Data repository scanning in 254 ms. Found 0 JPA repository interfaces.
2024-08-24T07:10:33.222Z  INFO 850 --- [    Test worker] o.hibernate.jpa.internal.util.LogHelper  : HHH000204: Processing PersistenceUnitInfo [name: default]
2024-08-24T07:10:34.390Z  INFO 850 --- [    Test worker] org.hibernate.Version                    : HHH000412: Hibernate ORM core version 6.5.2.Final
2024-08-24T07:10:35.326Z  INFO 850 --- [    Test worker] o.h.c.internal.RegionFactoryInitiator    : HHH000026: Second-level cache disabled
2024-08-24T07:10:44.463Z  INFO 850 --- [    Test worker] o.s.o.j.p.SpringPersistenceUnitInfo      : No LoadTimeWeaver setup: ignoring JPA class transformer
2024-08-24T07:10:45.369Z  INFO 850 --- [    Test worker] com.zaxxer.hikari.HikariDataSource       : HikariPool-1 - Starting...
2024-08-24T07:10:47.696Z  INFO 850 --- [    Test worker] com.zaxxer.hikari.pool.HikariPool        : HikariPool-1 - Added connection org.postgresql.jdbc.PgConnection@31ab4859
2024-08-24T07:10:47.741Z  INFO 850 --- [    Test worker] com.zaxxer.hikari.HikariDataSource       : HikariPool-1 - Start completed.
2024-08-24T07:10:48.381Z  WARN 850 --- [    Test worker] org.hibernate.orm.deprecation            : HHH90000025: PostgreSQLDialect does not need to be specified explicitly using 'hibernate.dialect' (remove the property setting and it will be selected by default)
2024-08-24T07:10:57.077Z  INFO 850 --- [    Test worker] o.h.e.t.j.p.i.JtaPlatformInitiator       : HHH000489: No JTA platform available (set 'hibernate.transaction.jta.platform' to enable JTA platform integration)
2024-08-24T07:10:57.227Z  INFO 850 --- [    Test worker] j.LocalContainerEntityManagerFactoryBean : Initialized JPA EntityManagerFactory for persistence unit 'default'
2024-08-24T07:11:01.466Z  WARN 850 --- [    Test worker] JpaBaseConfiguration$JpaWebConfiguration : spring.jpa.open-in-view is enabled by default. Therefore, database queries may be performed during view rendering. Explicitly configure spring.jpa.open-in-view to disable this warning
2024-08-24T07:11:07.817Z  WARN 850 --- [    Test worker] .s.s.UserDetailsServiceAutoConfiguration : 

Using generated security password: 6cefe24d-8adc-4e0c-a071-895321f55b8d

This generated password is for development use only. Your security configuration must be updated before running your application in production.

2024-08-24T07:11:08.068Z  INFO 850 --- [    Test worker] r$InitializeUserDetailsManagerConfigurer : Global AuthenticationManager configured with UserDetailsService bean with name inMemoryUserDetailsManager
2024-08-24T07:11:10.913Z  INFO 850 --- [    Test worker] c.a.webapp.WebappApplicationTests        : Started WebappApplicationTests in 58.431 seconds (process running for 69.751)
]]></system-out>
  <system-err><![CDATA[WARNING: A Java agent has been loaded dynamically (/root/.gradle/caches/modules-2/files-2.1/net.bytebuddy/byte-buddy-agent/1.14.17/e3c251a39dc90badaf71c83427ba46840f219d8d/byte-buddy-agent-1.14.17.jar)
WARNING: If a serviceability tool is in use, please run with -XX:+EnableDynamicAgentLoading to hide this warning
WARNING: If a serviceability tool is not in use, please run with -Djdk.instrument.traceUsage for more information
WARNING: Dynamic loading of agents will be disallowed by default in a future release
]]></system-err>
</testsuite>
